Boring Bets MLB live refresh: 2026-07-22 (live 2.0s, pregame 10.0s, settled 60.0s)
2026-07-22T04:39:20.928746Z games=17 live=17 open=17 changed=yes
2026-07-22T04:39:25.692927Z games=17 live=17 open=17 changed=yes
2026-07-22T04:39:28.969095Z games=17 live=17 open=17 changed=yes
2026-07-22T04:39:32.532748Z games=17 live=17 open=17 changed=yes
2026-07-22T04:39:36.932991Z games=17 live=17 open=17 changed=yes
2026-07-22T04:39:41.077386Z games=17 live=17 open=17 changed=yes
2026-07-22T04:39:44.881743Z games=17 live=17 open=17 changed=yes
2026-07-22T04:39:48.930117Z games=17 live=17 open=17 changed=yes
2026-07-22T04:39:54.443415Z games=17 live=17 open=17 changed=yes
2026-07-22T04:39:58.478490Z games=17 live=17 open=17 changed=yes
2026-07-22T04:40:02.202789Z games=17 live=17 open=17 changed=yes
2026-07-22T04:40:06.118318Z games=17 live=17 open=17 changed=yes
2026-07-22T04:40:10.235048Z games=17 live=17 open=17 changed=yes
2026-07-22T04:40:14.095289Z games=17 live=17 open=17 changed=yes
2026-07-22T04:40:17.706446Z games=17 live=17 open=17 changed=yes
2026-07-22T04:40:21.169748Z games=17 live=17 open=17 changed=yes
2026-07-22T04:40:25.396749Z games=17 live=17 open=17 changed=yes
2026-07-22T04:40:28.881393Z games=17 live=17 open=17 changed=yes
2026-07-22T04:40:32.743281Z games=17 live=17 open=17 changed=yes
2026-07-22T04:40:36.651330Z games=17 live=17 open=17 changed=yes
2026-07-22T04:40:40.541553Z games=17 live=17 open=17 changed=yes
2026-07-22T04:40:44.353192Z games=17 live=17 open=17 changed=yes
2026-07-22T04:40:49.048184Z games=17 live=17 open=17 changed=yes
2026-07-22T04:40:52.801392Z games=17 live=17 open=17 changed=yes
2026-07-22T04:40:56.664725Z games=17 live=17 open=17 changed=yes
WARN: live feed failed for game 824166: <urlopen error [Errno 54] Connection reset by peer>
2026-07-22T04:41:07.967597Z games=17 live=17 open=17 changed=yes
2026-07-22T04:41:11.514690Z games=17 live=17 open=17 changed=yes
2026-07-22T04:41:15.326229Z games=17 live=17 open=17 changed=yes
2026-07-22T04:41:19.404131Z games=17 live=17 open=17 changed=yes
2026-07-22T04:41:22.795329Z games=17 live=17 open=17 changed=yes
2026-07-22T04:41:26.509608Z games=17 live=17 open=17 changed=yes
2026-07-22T04:41:29.751606Z games=17 live=17 open=17 changed=yes
2026-07-22T04:41:33.984843Z games=17 live=17 open=17 changed=yes
2026-07-22T04:41:38.151710Z games=17 live=17 open=17 changed=yes
2026-07-22T04:41:41.698627Z games=17 live=17 open=17 changed=yes
2026-07-22T04:41:46.308973Z games=17 live=17 open=17 changed=yes
2026-07-22T04:41:50.273990Z games=17 live=17 open=17 changed=yes
2026-07-22T04:41:54.348021Z games=17 live=17 open=17 changed=yes
2026-07-22T04:41:58.261769Z games=17 live=17 open=17 changed=yes
2026-07-22T04:42:02.169897Z games=17 live=17 open=17 changed=yes
2026-07-22T04:42:06.207105Z games=17 live=17 open=17 changed=yes
2026-07-22T04:42:09.672468Z games=17 live=17 open=17 changed=yes
2026-07-22T04:42:15.844349Z games=17 live=17 open=17 changed=yes
2026-07-22T04:42:19.857117Z games=17 live=17 open=17 changed=yes
2026-07-22T04:42:23.752739Z games=17 live=17 open=17 changed=yes
2026-07-22T04:42:27.696158Z games=17 live=17 open=17 changed=yes
2026-07-22T04:42:31.088531Z games=17 live=17 open=17 changed=yes
2026-07-22T04:42:35.076183Z games=17 live=17 open=17 changed=yes
2026-07-22T04:42:39.573946Z games=17 live=17 open=17 changed=no
2026-07-22T04:42:44.021411Z games=17 live=17 open=17 changed=yes
2026-07-22T04:42:48.261708Z games=17 live=17 open=17 changed=yes
2026-07-22T04:42:52.189524Z games=17 live=17 open=17 changed=yes
2026-07-22T04:42:55.836931Z games=17 live=17 open=17 changed=yes
2026-07-22T04:43:00.278908Z games=17 live=17 open=17 changed=yes
2026-07-22T04:43:04.747270Z games=17 live=17 open=17 changed=yes
2026-07-22T04:43:09.145027Z games=17 live=17 open=17 changed=yes
2026-07-22T04:43:13.581609Z games=17 live=17 open=17 changed=yes
2026-07-22T04:43:17.406396Z games=17 live=17 open=17 changed=yes
2026-07-22T04:43:20.923044Z games=17 live=17 open=17 changed=yes
2026-07-22T04:43:24.633455Z games=17 live=17 open=17 changed=yes
2026-07-22T04:43:28.963575Z games=17 live=17 open=17 changed=yes
2026-07-22T04:43:33.440504Z games=17 live=17 open=17 changed=yes
2026-07-22T04:43:37.242826Z games=17 live=17 open=17 changed=yes
2026-07-22T04:43:40.820120Z games=17 live=17 open=17 changed=yes
2026-07-22T04:43:44.505025Z games=17 live=17 open=17 changed=yes
2026-07-22T04:43:49.267782Z games=17 live=17 open=17 changed=yes
2026-07-22T04:43:54.297291Z games=17 live=17 open=17 changed=yes
2026-07-22T04:43:58.730779Z games=17 live=17 open=17 changed=yes
2026-07-22T04:44:03.066257Z games=17 live=17 open=17 changed=yes
2026-07-22T04:44:07.260090Z games=17 live=17 open=17 changed=no
2026-07-22T04:44:11.928139Z games=17 live=17 open=17 changed=yes
2026-07-22T04:44:15.669364Z games=17 live=17 open=17 changed=yes
2026-07-22T04:44:19.199364Z games=17 live=17 open=17 changed=yes
2026-07-22T04:44:23.153583Z games=17 live=17 open=17 changed=yes
2026-07-22T04:44:26.797303Z games=17 live=17 open=17 changed=yes
2026-07-22T04:44:30.336606Z games=17 live=17 open=17 changed=yes
2026-07-22T04:44:35.174750Z games=17 live=17 open=17 changed=yes
2026-07-22T04:44:39.823833Z games=17 live=17 open=17 changed=yes
2026-07-22T04:44:48.061591Z games=17 live=17 open=17 changed=yes
2026-07-22T04:44:52.011190Z games=17 live=17 open=17 changed=yes
2026-07-22T04:44:55.966264Z games=17 live=17 open=17 changed=yes
2026-07-22T04:44:59.802923Z games=17 live=17 open=17 changed=yes
2026-07-22T04:45:03.524132Z games=17 live=17 open=17 changed=yes
2026-07-22T04:45:08.355352Z games=17 live=17 open=17 changed=yes
2026-07-22T04:45:13.103227Z games=17 live=17 open=17 changed=yes
2026-07-22T04:45:17.375276Z games=17 live=17 open=17 changed=yes
2026-07-22T04:45:21.563784Z games=17 live=17 open=17 changed=yes
2026-07-22T04:45:25.198552Z games=17 live=17 open=17 changed=yes
2026-07-22T04:45:29.258874Z games=17 live=17 open=17 changed=yes
2026-07-22T04:45:33.586264Z games=17 live=17 open=17 changed=yes
2026-07-22T04:45:37.983053Z games=17 live=17 open=17 changed=yes
2026-07-22T04:45:42.255835Z games=17 live=17 open=17 changed=yes
2026-07-22T04:45:46.385777Z games=17 live=17 open=17 changed=yes
2026-07-22T04:45:50.251219Z games=17 live=17 open=17 changed=yes
2026-07-22T04:45:54.628383Z games=17 live=17 open=17 changed=yes
2026-07-22T04:45:58.742091Z games=17 live=17 open=17 changed=yes
2026-07-22T04:46:02.824640Z games=17 live=17 open=17 changed=yes
2026-07-22T04:46:06.713470Z games=17 live=17 open=17 changed=yes
2026-07-22T04:46:13.229288Z games=17 live=17 open=17 changed=yes
2026-07-22T04:46:19.349265Z games=17 live=17 open=17 changed=yes
2026-07-22T04:46:23.268597Z games=17 live=17 open=17 changed=yes
2026-07-22T04:46:26.895481Z games=17 live=17 open=17 changed=yes
2026-07-22T04:46:30.931296Z games=17 live=17 open=17 changed=yes
2026-07-22T04:46:37.628193Z games=17 live=17 open=17 changed=yes
2026-07-22T04:46:41.561372Z games=17 live=17 open=17 changed=yes
2026-07-22T04:46:45.671565Z games=17 live=17 open=17 changed=yes
2026-07-22T04:46:52.394894Z games=17 live=17 open=17 changed=yes
2026-07-22T04:46:56.560631Z games=17 live=17 open=17 changed=yes
2026-07-22T04:47:00.693635Z games=17 live=17 open=17 changed=yes
2026-07-22T04:47:04.839233Z games=17 live=17 open=17 changed=yes
2026-07-22T04:47:09.820327Z games=17 live=17 open=17 changed=yes
2026-07-22T04:47:13.914094Z games=17 live=17 open=17 changed=yes
2026-07-22T04:47:17.999699Z games=17 live=17 open=17 changed=yes
2026-07-22T04:47:22.488408Z games=17 live=17 open=17 changed=yes
2026-07-22T04:47:26.661416Z games=17 live=17 open=17 changed=no
2026-07-22T04:47:31.281467Z games=17 live=17 open=17 changed=yes
2026-07-22T04:47:34.974216Z games=17 live=17 open=17 changed=yes
2026-07-22T04:47:38.605819Z games=17 live=17 open=17 changed=yes
2026-07-22T04:47:42.767438Z games=17 live=17 open=17 changed=yes
2026-07-22T04:47:46.940826Z games=17 live=17 open=17 changed=yes
2026-07-22T04:47:50.681552Z games=17 live=17 open=17 changed=yes
2026-07-22T04:47:54.867775Z games=17 live=17 open=17 changed=yes
2026-07-22T04:47:58.557682Z games=17 live=17 open=17 changed=yes
2026-07-22T04:48:03.778701Z games=17 live=17 open=17 changed=yes
2026-07-22T04:48:08.028415Z games=17 live=17 open=17 changed=yes
2026-07-22T04:48:12.230480Z games=17 live=17 open=17 changed=yes
2026-07-22T04:48:16.043760Z games=17 live=17 open=17 changed=yes
2026-07-22T04:48:23.007689Z games=17 live=17 open=17 changed=yes
2026-07-22T04:48:28.024745Z games=17 live=17 open=17 changed=yes
2026-07-22T04:48:33.956590Z games=17 live=17 open=17 changed=yes
2026-07-22T04:48:39.415169Z games=17 live=17 open=17 changed=yes
2026-07-22T04:48:43.185216Z games=17 live=17 open=17 changed=yes
2026-07-22T04:48:47.829963Z games=17 live=17 open=17 changed=yes
2026-07-22T04:48:52.298805Z games=17 live=17 open=17 changed=yes
2026-07-22T04:48:55.938192Z games=17 live=17 open=17 changed=yes
2026-07-22T04:49:10.533933Z games=17 live=17 open=17 changed=yes
2026-07-22T04:49:19.116217Z games=17 live=17 open=17 changed=yes
2026-07-22T04:49:23.092934Z games=17 live=17 open=17 changed=yes
2026-07-22T04:49:27.979433Z games=17 live=17 open=17 changed=yes
2026-07-22T04:49:31.701957Z games=17 live=17 open=17 changed=yes
2026-07-22T04:49:35.877765Z games=17 live=17 open=17 changed=yes
2026-07-22T04:49:39.358549Z games=17 live=17 open=17 changed=yes
2026-07-22T04:49:43.990603Z games=17 live=17 open=17 changed=yes
2026-07-22T04:49:47.325856Z games=17 live=17 open=17 changed=yes
2026-07-22T04:49:51.153638Z games=17 live=17 open=17 changed=yes
2026-07-22T04:49:56.038380Z games=17 live=17 open=17 changed=yes
2026-07-22T04:50:00.775979Z games=17 live=17 open=17 changed=yes
2026-07-22T04:50:04.911498Z games=17 live=17 open=17 changed=yes
2026-07-22T04:50:09.611013Z games=17 live=17 open=17 changed=yes
2026-07-22T04:50:14.802412Z games=17 live=17 open=17 changed=yes
2026-07-22T04:50:22.194642Z games=17 live=17 open=17 changed=yes
2026-07-22T04:50:26.107348Z games=17 live=17 open=17 changed=yes
2026-07-22T04:50:30.056287Z games=17 live=17 open=17 changed=yes
2026-07-22T04:50:34.672110Z games=17 live=17 open=17 changed=yes
2026-07-22T04:50:38.795332Z games=17 live=17 open=17 changed=yes
2026-07-22T04:50:42.896319Z games=17 live=17 open=17 changed=yes
2026-07-22T04:50:46.555604Z games=17 live=17 open=17 changed=yes
2026-07-22T04:50:49.980910Z games=17 live=17 open=17 changed=yes
2026-07-22T04:50:54.374762Z games=17 live=17 open=17 changed=yes
2026-07-22T04:50:59.080858Z games=17 live=17 open=17 changed=yes
2026-07-22T04:51:04.035590Z games=17 live=17 open=17 changed=yes
2026-07-22T04:51:09.818505Z games=17 live=17 open=17 changed=yes
2026-07-22T04:51:14.595788Z games=17 live=17 open=17 changed=yes
2026-07-22T04:51:19.700592Z games=17 live=17 open=17 changed=yes
2026-07-22T04:51:23.733155Z games=17 live=17 open=17 changed=yes
2026-07-22T04:51:29.630696Z games=17 live=17 open=17 changed=yes
2026-07-22T04:51:33.707901Z games=17 live=17 open=17 changed=yes
2026-07-22T04:51:37.675861Z games=17 live=17 open=17 changed=yes
2026-07-22T04:51:41.664773Z games=17 live=17 open=17 changed=yes
2026-07-22T04:51:45.578043Z games=17 live=17 open=17 changed=yes
2026-07-22T04:51:49.357163Z games=17 live=17 open=17 changed=yes
2026-07-22T04:51:53.749557Z games=17 live=17 open=17 changed=yes
2026-07-22T04:51:58.420221Z games=17 live=17 open=17 changed=yes
2026-07-22T04:52:02.079223Z games=17 live=17 open=17 changed=yes
2026-07-22T04:52:05.938223Z games=17 live=17 open=17 changed=yes
2026-07-22T04:52:09.484096Z games=17 live=17 open=17 changed=yes
2026-07-22T04:52:13.337754Z games=17 live=17 open=17 changed=yes
2026-07-22T04:52:18.528383Z games=17 live=17 open=17 changed=yes
2026-07-22T04:52:23.742801Z games=17 live=17 open=17 changed=yes
2026-07-22T04:52:27.720698Z games=17 live=17 open=17 changed=yes
2026-07-22T04:52:31.251330Z games=17 live=17 open=17 changed=yes
2026-07-22T04:52:38.882510Z games=17 live=17 open=17 changed=yes
2026-07-22T04:52:42.480263Z games=17 live=17 open=17 changed=yes
2026-07-22T04:52:46.309739Z games=17 live=17 open=17 changed=yes
2026-07-22T04:52:50.021993Z games=17 live=17 open=17 changed=yes
2026-07-22T04:52:54.284616Z games=17 live=17 open=17 changed=yes
2026-07-22T04:52:59.021586Z games=17 live=17 open=17 changed=yes
2026-07-22T04:53:02.851134Z games=17 live=17 open=17 changed=yes
2026-07-22T04:53:06.464968Z games=17 live=17 open=17 changed=yes
2026-07-22T04:53:10.946703Z games=17 live=17 open=17 changed=yes
2026-07-22T04:53:14.734846Z games=17 live=17 open=17 changed=yes
2026-07-22T04:53:18.707987Z games=17 live=17 open=17 changed=yes
WARN: live feed failed for game 824650: The read operation timed out
WARN: live feed failed for game 823110: The read operation timed out
WARN: live feed failed for game 824896: The read operation timed out
WARN: live feed failed for game 824004: The read operation timed out
2026-07-22T04:53:32.464667Z games=17 live=17 open=17 changed=yes
2026-07-22T04:53:36.068544Z games=17 live=17 open=17 changed=yes
2026-07-22T04:53:39.582754Z games=17 live=17 open=17 changed=yes
2026-07-22T04:53:43.646435Z games=17 live=17 open=17 changed=yes
2026-07-22T04:53:47.174142Z games=17 live=17 open=17 changed=yes
2026-07-22T04:53:50.555833Z games=17 live=17 open=17 changed=yes
2026-07-22T04:53:54.866864Z games=17 live=17 open=17 changed=yes
2026-07-22T04:54:00.114097Z games=17 live=17 open=17 changed=yes
2026-07-22T04:54:04.732075Z games=17 live=17 open=17 changed=yes
2026-07-22T04:54:10.749359Z games=17 live=17 open=17 changed=yes
2026-07-22T04:54:15.120702Z games=17 live=17 open=17 changed=yes
2026-07-22T04:54:20.246205Z games=17 live=17 open=17 changed=yes
2026-07-22T04:54:24.697693Z games=17 live=17 open=17 changed=yes
2026-07-22T04:54:29.403982Z games=17 live=17 open=17 changed=yes
2026-07-22T04:54:33.301172Z games=17 live=17 open=17 changed=yes
2026-07-22T04:54:37.291808Z games=17 live=17 open=17 changed=yes
2026-07-22T04:54:41.318856Z games=17 live=17 open=17 changed=yes
2026-07-22T04:54:45.338740Z games=17 live=17 open=17 changed=yes
2026-07-22T04:54:50.971183Z games=17 live=17 open=17 changed=yes
2026-07-22T04:54:54.706850Z games=17 live=17 open=17 changed=yes
2026-07-22T04:54:58.888072Z games=17 live=17 open=17 changed=yes
2026-07-22T04:55:03.099292Z games=17 live=17 open=17 changed=yes
2026-07-22T04:55:08.809815Z games=17 live=17 open=17 changed=yes
2026-07-22T04:55:12.961941Z games=17 live=17 open=17 changed=yes
2026-07-22T04:55:17.304122Z games=17 live=17 open=17 changed=yes
2026-07-22T04:55:21.106837Z games=17 live=17 open=17 changed=yes
2026-07-22T04:55:25.340655Z games=17 live=17 open=17 changed=yes
2026-07-22T04:55:30.431203Z games=17 live=17 open=17 changed=yes
2026-07-22T04:55:34.482453Z games=17 live=17 open=17 changed=yes
2026-07-22T04:55:38.181072Z games=17 live=17 open=17 changed=yes
2026-07-22T04:55:41.982085Z games=17 live=17 open=17 changed=yes
2026-07-22T04:55:45.522065Z games=17 live=17 open=17 changed=yes
2026-07-22T04:55:49.866604Z games=17 live=17 open=17 changed=yes
2026-07-22T04:55:53.992872Z games=17 live=17 open=17 changed=yes
2026-07-22T04:55:57.588833Z games=17 live=17 open=17 changed=yes
2026-07-22T04:56:01.620692Z games=17 live=17 open=17 changed=yes
2026-07-22T04:56:06.032877Z games=17 live=17 open=17 changed=yes
2026-07-22T04:56:09.833361Z games=17 live=17 open=17 changed=yes
2026-07-22T04:56:15.119488Z games=17 live=17 open=17 changed=yes
2026-07-22T04:56:20.070754Z games=17 live=17 open=17 changed=yes
2026-07-22T04:56:23.860625Z games=17 live=17 open=17 changed=yes
2026-07-22T04:56:27.480249Z games=17 live=17 open=17 changed=yes
2026-07-22T04:56:31.191391Z games=17 live=17 open=17 changed=yes
2026-07-22T04:56:34.824072Z games=17 live=17 open=17 changed=yes
2026-07-22T04:56:39.677445Z games=17 live=17 open=17 changed=yes
2026-07-22T04:56:43.750807Z games=17 live=17 open=17 changed=yes
2026-07-22T04:56:47.678054Z games=17 live=17 open=17 changed=yes
2026-07-22T04:56:51.243206Z games=17 live=17 open=17 changed=yes
2026-07-22T04:56:54.704821Z games=17 live=17 open=17 changed=yes
2026-07-22T04:56:58.476857Z games=17 live=17 open=17 changed=yes
2026-07-22T04:57:02.993189Z games=17 live=17 open=17 changed=yes
2026-07-22T04:57:06.505806Z games=17 live=17 open=17 changed=yes
2026-07-22T04:57:10.351663Z games=17 live=17 open=17 changed=yes
2026-07-22T04:57:14.741045Z games=17 live=17 open=17 changed=yes
2026-07-22T04:57:19.995942Z games=17 live=17 open=17 changed=yes
2026-07-22T04:57:23.804355Z games=17 live=17 open=17 changed=yes
2026-07-22T04:57:27.681146Z games=17 live=17 open=17 changed=yes
2026-07-22T04:57:31.216115Z games=17 live=17 open=17 changed=yes
2026-07-22T04:57:36.956081Z games=17 live=17 open=17 changed=yes
2026-07-22T04:57:40.860993Z games=17 live=17 open=17 changed=yes
2026-07-22T04:57:45.895571Z games=17 live=17 open=17 changed=yes
2026-07-22T04:57:49.905818Z games=17 live=17 open=17 changed=yes
2026-07-22T04:57:53.654881Z games=17 live=17 open=17 changed=yes
2026-07-22T04:57:57.591024Z games=17 live=17 open=17 changed=yes
2026-07-22T04:58:01.530293Z games=17 live=17 open=17 changed=yes
2026-07-22T04:58:07.198998Z games=17 live=17 open=17 changed=yes
2026-07-22T04:58:10.804194Z games=17 live=17 open=17 changed=yes
2026-07-22T04:58:14.491991Z games=17 live=17 open=17 changed=yes
2026-07-22T04:58:17.809077Z games=17 live=17 open=17 changed=yes
2026-07-22T04:58:21.666700Z games=17 live=17 open=17 changed=yes
2026-07-22T04:58:25.847184Z games=17 live=17 open=17 changed=yes
2026-07-22T04:58:30.045480Z games=17 live=17 open=17 changed=yes
2026-07-22T04:58:33.992701Z games=17 live=17 open=17 changed=yes
2026-07-22T04:58:37.408632Z games=17 live=17 open=17 changed=yes
2026-07-22T04:58:40.869551Z games=17 live=17 open=17 changed=yes
2026-07-22T04:58:45.054117Z games=17 live=17 open=17 changed=yes
2026-07-22T04:58:50.025886Z games=17 live=17 open=17 changed=yes
2026-07-22T04:58:53.312147Z games=17 live=17 open=17 changed=yes
2026-07-22T04:58:56.518664Z games=17 live=17 open=17 changed=yes
2026-07-22T04:59:03.008951Z games=17 live=17 open=17 changed=yes
2026-07-22T04:59:06.316045Z games=17 live=17 open=17 changed=yes
2026-07-22T04:59:10.062942Z games=17 live=17 open=17 changed=yes
2026-07-22T04:59:15.442683Z games=17 live=17 open=17 changed=yes
2026-07-22T04:59:19.610695Z games=17 live=17 open=17 changed=yes
2026-07-22T04:59:23.516549Z games=17 live=17 open=17 changed=yes
WARN: live feed failed for game 823438: <urlopen error [Errno 8] nodename nor servname provided, or not known>
2026-07-22T04:59:26.756399Z games=17 live=17 open=17 changed=yes
2026-07-22T04:59:30.594483Z games=17 live=17 open=17 changed=yes
2026-07-22T04:59:34.456541Z games=17 live=17 open=17 changed=yes
2026-07-22T04:59:38.395671Z games=17 live=17 open=17 changed=yes
2026-07-22T04:59:42.095661Z games=17 live=17 open=17 changed=yes
2026-07-22T04:59:46.119588Z games=17 live=17 open=17 changed=yes
2026-07-22T04:59:50.209181Z games=17 live=17 open=17 changed=yes
2026-07-22T04:59:53.500411Z games=17 live=17 open=17 changed=yes
2026-07-22T04:59:58.275323Z games=17 live=17 open=17 changed=yes
2026-07-22T05:00:01.503953Z games=17 live=17 open=17 changed=yes
2026-07-22T05:00:04.603935Z games=17 live=17 open=17 changed=yes
2026-07-22T05:00:07.979191Z games=17 live=17 open=17 changed=yes
2026-07-22T05:00:11.213967Z games=17 live=17 open=17 changed=yes
2026-07-22T05:00:15.575275Z games=17 live=17 open=17 changed=yes
2026-07-22T05:00:18.745460Z games=17 live=17 open=17 changed=yes
2026-07-22T05:00:22.684281Z games=17 live=17 open=17 changed=yes
2026-07-22T05:00:26.440221Z games=17 live=17 open=17 changed=yes
2026-07-22T05:00:30.577219Z games=17 live=17 open=17 changed=yes
2026-07-22T05:00:34.747657Z games=17 live=17 open=17 changed=yes
2026-07-22T05:00:38.132991Z games=17 live=17 open=17 changed=yes
2026-07-22T05:00:42.159454Z games=17 live=17 open=17 changed=yes
2026-07-22T05:00:46.100001Z games=17 live=17 open=17 changed=yes
2026-07-22T05:00:50.091243Z games=17 live=17 open=17 changed=yes
2026-07-22T05:00:53.363891Z games=17 live=17 open=17 changed=yes
2026-07-22T05:00:56.819282Z games=17 live=17 open=17 changed=no
2026-07-22T05:01:00.188738Z games=17 live=17 open=17 changed=yes
2026-07-22T05:01:03.731851Z games=17 live=17 open=17 changed=yes
2026-07-22T05:01:08.744252Z games=17 live=17 open=17 changed=yes
2026-07-22T05:01:12.996114Z games=17 live=17 open=17 changed=yes
2026-07-22T05:01:16.362006Z games=17 live=17 open=17 changed=yes
2026-07-22T05:01:20.024388Z games=17 live=17 open=17 changed=yes
2026-07-22T05:01:24.448118Z games=17 live=17 open=17 changed=yes
2026-07-22T05:01:28.561024Z games=17 live=17 open=17 changed=no
2026-07-22T05:01:31.902777Z games=17 live=17 open=17 changed=yes
2026-07-22T05:01:35.696762Z games=17 live=17 open=17 changed=yes
2026-07-22T05:01:39.082811Z games=17 live=17 open=17 changed=yes
2026-07-22T05:01:42.308283Z games=17 live=17 open=17 changed=yes
2026-07-22T05:01:46.568459Z games=17 live=17 open=17 changed=yes
2026-07-22T05:01:51.223811Z games=17 live=17 open=17 changed=yes
2026-07-22T05:01:55.265723Z games=17 live=17 open=17 changed=yes
2026-07-22T05:01:59.209981Z games=17 live=17 open=17 changed=yes
2026-07-22T05:02:02.647684Z games=17 live=17 open=17 changed=yes
2026-07-22T05:02:06.591422Z games=17 live=17 open=17 changed=yes
2026-07-22T05:02:10.143888Z games=17 live=17 open=17 changed=yes
WARN: live feed failed for game 824650: <urlopen error [Errno 54] Connection reset by peer>
WARN: live feed failed for game 822873: <urlopen error [Errno 54] Connection reset by peer>
2026-07-22T05:02:22.959736Z games=17 live=17 open=17 changed=yes
2026-07-22T05:02:26.272073Z games=17 live=17 open=17 changed=yes
2026-07-22T05:02:30.031909Z games=17 live=17 open=17 changed=yes
2026-07-22T05:02:34.881558Z games=17 live=17 open=17 changed=yes
2026-07-22T05:02:38.444498Z games=17 live=17 open=17 changed=yes
2026-07-22T05:02:42.263573Z games=17 live=17 open=17 changed=yes
2026-07-22T05:02:45.820861Z games=17 live=17 open=17 changed=yes
2026-07-22T05:02:49.365917Z games=17 live=17 open=17 changed=yes
2026-07-22T05:02:53.291763Z games=17 live=17 open=17 changed=yes
2026-07-22T05:02:59.224276Z games=17 live=17 open=17 changed=yes
2026-07-22T05:03:03.565919Z games=17 live=17 open=17 changed=yes
2026-07-22T05:03:08.329936Z games=17 live=17 open=17 changed=yes
2026-07-22T05:03:12.192530Z games=17 live=17 open=17 changed=yes
2026-07-22T05:03:15.754967Z games=17 live=17 open=17 changed=yes
WARN: live feed failed for game 823110: <urlopen error [Errno 8] nodename nor servname provided, or not known>
2026-07-22T05:03:19.788704Z games=17 live=17 open=17 changed=yes
2026-07-22T05:03:24.197775Z games=17 live=17 open=17 changed=yes
2026-07-22T05:03:28.251374Z games=17 live=17 open=17 changed=yes
2026-07-22T05:03:32.754266Z games=17 live=17 open=17 changed=yes
2026-07-22T05:03:36.416575Z games=17 live=17 open=17 changed=yes
2026-07-22T05:03:40.997880Z games=17 live=17 open=17 changed=yes
2026-07-22T05:03:45.285334Z games=17 live=17 open=17 changed=yes
2026-07-22T05:03:49.005175Z games=17 live=17 open=17 changed=yes
2026-07-22T05:03:52.620355Z games=17 live=17 open=17 changed=yes
2026-07-22T05:03:56.900038Z games=17 live=17 open=17 changed=yes
2026-07-22T05:04:00.909303Z games=17 live=17 open=17 changed=yes
2026-07-22T05:04:05.446208Z games=17 live=17 open=17 changed=yes
2026-07-22T05:04:09.215538Z games=17 live=17 open=17 changed=yes
2026-07-22T05:04:12.916179Z games=17 live=17 open=17 changed=yes
2026-07-22T05:04:16.492820Z games=17 live=17 open=17 changed=yes
2026-07-22T05:04:20.228551Z games=17 live=17 open=17 changed=yes
2026-07-22T05:04:25.836280Z games=17 live=17 open=17 changed=yes
2026-07-22T05:04:30.102720Z games=17 live=17 open=17 changed=yes
2026-07-22T05:04:34.211582Z games=17 live=17 open=17 changed=yes
2026-07-22T05:04:39.014361Z games=17 live=17 open=17 changed=yes
2026-07-22T05:04:43.261391Z games=17 live=17 open=17 changed=yes
2026-07-22T05:04:49.103292Z games=17 live=17 open=17 changed=yes
2026-07-22T05:04:53.200081Z games=17 live=17 open=17 changed=yes
2026-07-22T05:04:57.143971Z games=17 live=17 open=17 changed=yes
2026-07-22T05:05:01.133880Z games=17 live=17 open=17 changed=yes
2026-07-22T05:05:04.874885Z games=17 live=17 open=17 changed=yes
WARN: live feed failed for game 824166: <urlopen error timed out>
WARN: live feed failed for game 823438: The read operation timed out
2026-07-22T05:05:19.989841Z games=17 live=17 open=17 changed=yes
WARN: live feed failed for game 823110: <urlopen error timed out>
WARN: live feed failed for game 824004: <urlopen error timed out>
WARN: live feed failed for game 824408: <urlopen error timed out>
WARN: live feed failed for game 823438: <urlopen error timed out>
2026-07-22T05:05:34.117407Z games=17 live=17 open=17 changed=yes
2026-07-22T05:05:41.048406Z games=17 live=17 open=17 changed=yes
2026-07-22T05:05:45.219394Z games=17 live=17 open=17 changed=yes
2026-07-22T05:05:50.038823Z games=17 live=17 open=17 changed=yes
2026-07-22T05:05:55.149320Z games=17 live=17 open=17 changed=yes
2026-07-22T05:05:59.287705Z games=17 live=17 open=17 changed=yes
2026-07-22T05:06:03.949890Z games=17 live=17 open=17 changed=yes
2026-07-22T05:06:07.956914Z games=17 live=17 open=17 changed=yes
2026-07-22T05:06:11.680544Z games=17 live=17 open=17 changed=yes
2026-07-22T05:06:15.733508Z games=17 live=17 open=17 changed=yes
2026-07-22T05:06:21.295718Z games=17 live=17 open=17 changed=yes
2026-07-22T05:06:25.364902Z games=17 live=17 open=17 changed=yes
2026-07-22T05:06:29.499709Z games=17 live=17 open=17 changed=yes
2026-07-22T05:06:33.768419Z games=17 live=17 open=17 changed=yes
2026-07-22T05:06:38.178028Z games=17 live=17 open=17 changed=yes
2026-07-22T05:06:44.216359Z games=17 live=17 open=17 changed=yes
2026-07-22T05:06:48.102820Z games=17 live=17 open=17 changed=yes
2026-07-22T05:06:52.096060Z games=17 live=17 open=17 changed=yes
2026-07-22T05:06:55.694600Z games=17 live=17 open=17 changed=yes
2026-07-22T05:06:59.511177Z games=17 live=17 open=17 changed=yes
2026-07-22T05:07:04.804549Z games=17 live=17 open=17 changed=yes
2026-07-22T05:07:11.146644Z games=17 live=17 open=17 changed=yes
2026-07-22T05:07:15.010683Z games=17 live=17 open=17 changed=yes
2026-07-22T05:07:19.010265Z games=17 live=17 open=17 changed=yes
2026-07-22T05:07:23.033949Z games=17 live=17 open=17 changed=yes
2026-07-22T05:07:27.714820Z games=17 live=17 open=17 changed=yes
2026-07-22T05:07:31.453045Z games=17 live=17 open=17 changed=yes
2026-07-22T05:07:35.345812Z games=17 live=17 open=17 changed=yes
2026-07-22T05:07:39.459816Z games=17 live=17 open=17 changed=yes
WARN: live feed failed for game 824004: The read operation timed out
WARN: live feed failed for game 822873: The read operation timed out
2026-07-22T05:07:53.689772Z games=17 live=17 open=17 changed=yes
2026-07-22T05:07:58.286966Z games=17 live=17 open=17 changed=yes
2026-07-22T05:08:01.910691Z games=17 live=17 open=17 changed=yes
2026-07-22T05:08:05.664333Z games=17 live=17 open=17 changed=yes
2026-07-22T05:08:09.459650Z games=17 live=17 open=17 changed=yes
2026-07-22T05:08:14.489557Z games=17 live=17 open=17 changed=yes
2026-07-22T05:08:18.754182Z games=17 live=17 open=17 changed=yes
2026-07-22T05:08:22.153745Z games=17 live=17 open=17 changed=yes
2026-07-22T05:08:25.533221Z games=17 live=17 open=17 changed=yes
2026-07-22T05:08:29.559633Z games=17 live=17 open=17 changed=yes
2026-07-22T05:08:35.106033Z games=17 live=17 open=17 changed=yes
2026-07-22T05:08:39.190247Z games=17 live=17 open=17 changed=yes
2026-07-22T05:08:44.748148Z games=17 live=17 open=17 changed=yes
2026-07-22T05:08:49.650124Z games=17 live=17 open=17 changed=yes
2026-07-22T05:08:54.051078Z games=17 live=17 open=17 changed=yes
2026-07-22T05:08:59.557100Z games=17 live=17 open=17 changed=yes
2026-07-22T05:09:03.398985Z games=17 live=17 open=17 changed=yes
2026-07-22T05:09:06.860466Z games=17 live=17 open=17 changed=yes
2026-07-22T05:09:10.415265Z games=17 live=17 open=17 changed=yes
2026-07-22T05:09:13.997529Z games=17 live=17 open=17 changed=yes
2026-07-22T05:09:18.025099Z games=17 live=17 open=17 changed=yes
2026-07-22T05:09:23.269667Z games=17 live=17 open=17 changed=yes
2026-07-22T05:09:27.264963Z games=17 live=17 open=17 changed=yes
2026-07-22T05:09:31.751435Z games=17 live=17 open=17 changed=yes
2026-07-22T05:09:35.452185Z games=17 live=17 open=17 changed=yes
2026-07-22T05:09:39.067389Z games=17 live=17 open=17 changed=yes
2026-07-22T05:09:43.340808Z games=17 live=17 open=17 changed=yes
2026-07-22T05:09:51.337137Z games=17 live=17 open=17 changed=yes
2026-07-22T05:09:55.224407Z games=17 live=17 open=17 changed=yes
2026-07-22T05:09:58.921212Z games=17 live=17 open=17 changed=yes
2026-07-22T05:10:02.210562Z games=17 live=17 open=17 changed=yes
2026-07-22T05:10:06.155588Z games=17 live=17 open=17 changed=yes
2026-07-22T05:10:10.259845Z games=17 live=17 open=17 changed=yes
2026-07-22T05:10:16.135546Z games=17 live=17 open=17 changed=yes
2026-07-22T05:10:19.705251Z games=17 live=17 open=17 changed=yes
2026-07-22T05:10:23.232287Z games=17 live=17 open=17 changed=yes
2026-07-22T05:10:28.166879Z games=17 live=17 open=17 changed=yes
2026-07-22T05:10:32.186264Z games=17 live=17 open=17 changed=yes
2026-07-22T05:10:36.528823Z games=17 live=17 open=17 changed=yes
2026-07-22T05:10:41.075434Z games=17 live=17 open=17 changed=yes
2026-07-22T05:10:45.304611Z games=17 live=17 open=17 changed=yes
2026-07-22T05:10:49.031815Z games=17 live=17 open=17 changed=yes
2026-07-22T05:10:52.874984Z games=17 live=17 open=17 changed=yes
2026-07-22T05:10:56.860307Z games=17 live=17 open=17 changed=yes
2026-07-22T05:11:01.326565Z games=17 live=17 open=17 changed=yes
2026-07-22T05:11:06.165347Z games=17 live=17 open=17 changed=yes
2026-07-22T05:11:10.010056Z games=17 live=17 open=17 changed=yes
2026-07-22T05:11:13.942031Z games=17 live=17 open=17 changed=yes
2026-07-22T05:11:17.879163Z games=17 live=17 open=17 changed=yes
2026-07-22T05:11:21.949181Z games=17 live=17 open=17 changed=yes
2026-07-22T05:11:25.917264Z games=17 live=17 open=17 changed=yes
2026-07-22T05:11:30.037367Z games=17 live=17 open=17 changed=yes
2026-07-22T05:11:34.004720Z games=17 live=17 open=17 changed=yes
2026-07-22T05:11:37.872650Z games=17 live=17 open=17 changed=yes
2026-07-22T05:11:41.612946Z games=17 live=17 open=17 changed=yes
2026-07-22T05:11:45.331115Z games=17 live=17 open=17 changed=yes
2026-07-22T05:11:49.990631Z games=17 live=17 open=17 changed=yes
2026-07-22T05:11:54.342033Z games=17 live=17 open=17 changed=yes
2026-07-22T05:11:59.089824Z games=17 live=17 open=17 changed=yes
2026-07-22T05:12:03.757228Z games=17 live=17 open=17 changed=yes
2026-07-22T05:12:07.600434Z games=17 live=17 open=17 changed=yes
2026-07-22T05:12:11.850142Z games=17 live=17 open=17 changed=yes
2026-07-22T05:12:15.743622Z games=17 live=17 open=17 changed=yes
2026-07-22T05:12:19.724254Z games=17 live=17 open=17 changed=yes
2026-07-22T05:12:23.550309Z games=17 live=17 open=17 changed=yes
2026-07-22T05:12:27.477196Z games=17 live=17 open=17 changed=yes
2026-07-22T05:12:32.111835Z games=17 live=17 open=17 changed=yes
2026-07-22T05:12:36.441495Z games=17 live=17 open=17 changed=yes
2026-07-22T05:12:40.542976Z games=17 live=17 open=17 changed=yes
2026-07-22T05:12:44.881026Z games=17 live=17 open=17 changed=yes
2026-07-22T05:12:48.705138Z games=17 live=17 open=17 changed=yes
2026-07-22T05:12:52.658141Z games=17 live=17 open=17 changed=yes
2026-07-22T05:12:57.064703Z games=17 live=17 open=17 changed=yes
2026-07-22T05:13:02.149756Z games=17 live=17 open=17 changed=yes
2026-07-22T05:13:06.375770Z games=17 live=17 open=17 changed=yes
2026-07-22T05:13:10.179252Z games=17 live=17 open=17 changed=yes
2026-07-22T05:13:14.158150Z games=17 live=17 open=17 changed=yes
2026-07-22T05:13:18.598852Z games=17 live=17 open=17 changed=yes
2026-07-22T05:13:22.649357Z games=17 live=17 open=17 changed=yes
2026-07-22T05:13:26.568475Z games=17 live=17 open=17 changed=yes
2026-07-22T05:13:30.475570Z games=17 live=17 open=17 changed=yes
2026-07-22T05:13:34.364228Z games=17 live=17 open=17 changed=yes
2026-07-22T05:13:38.380241Z games=17 live=17 open=17 changed=yes
2026-07-22T05:13:42.494007Z games=17 live=17 open=17 changed=yes
2026-07-22T05:13:47.991138Z games=17 live=17 open=17 changed=yes
2026-07-22T05:13:52.440192Z games=17 live=17 open=17 changed=yes
2026-07-22T05:13:56.717902Z games=17 live=17 open=17 changed=yes
2026-07-22T05:14:01.605188Z games=17 live=17 open=17 changed=yes
2026-07-22T05:14:07.139721Z games=17 live=17 open=17 changed=yes
2026-07-22T05:14:16.452948Z games=17 live=17 open=17 changed=yes
2026-07-22T05:14:21.733960Z games=17 live=17 open=17 changed=yes
2026-07-22T05:14:26.686282Z games=17 live=17 open=17 changed=yes
2026-07-22T05:14:31.665875Z games=17 live=17 open=17 changed=yes
2026-07-22T05:14:35.843608Z games=17 live=17 open=17 changed=yes
2026-07-22T05:14:40.099916Z games=17 live=17 open=17 changed=yes
2026-07-22T05:14:44.330399Z games=17 live=17 open=17 changed=yes
2026-07-22T05:14:48.138037Z games=17 live=17 open=17 changed=yes
2026-07-22T05:14:52.001077Z games=17 live=17 open=17 changed=yes
2026-07-22T05:14:56.063340Z games=17 live=17 open=17 changed=yes
2026-07-22T05:14:59.761438Z games=17 live=17 open=17 changed=yes
2026-07-22T05:15:03.512855Z games=17 live=17 open=17 changed=yes
2026-07-22T05:15:07.333701Z games=17 live=17 open=17 changed=yes
2026-07-22T05:15:11.197638Z games=17 live=17 open=17 changed=yes
2026-07-22T05:15:15.031055Z games=17 live=17 open=17 changed=yes
2026-07-22T05:15:18.857229Z games=17 live=17 open=17 changed=yes
2026-07-22T05:15:22.638846Z games=17 live=17 open=17 changed=yes
